<?xml version="1.0" encoding="UTF-8"?>
<!-- Generated by org.testng.reporters.JUnitXMLReporter -->
<testsuite ignored="4" hostname="AamirPC" failures="1" tests="1" name="Default test(failed)(failed)(failed)(failed)" time="0.371" errors="0" timestamp="2022-11-12T16:57:43 IST">
  <testcase classname="rahulshettypractice.End2EndCart" name="testP" time="0.031">
    <failure type="java.lang.AssertionError" message="null">
      <![CDATA[java.lang.AssertionError: null
at rahulshettypractice.End2EndCart.testP(End2EndCart.java:41)
at java.base/java.util.ArrayList.forEach(ArrayList.java:1511)
... Removed 29 stack frames]]>
    </failure>
  </testcase> <!-- testP -->
  <testcase classname="rahulshettypractice.End2EndCart" name="testTwo" time="0.0">
    <ignored/>
  </testcase> <!-- testTwo -->
  <testcase classname="rahulshettypractice.End2EndCart" name="testFour" time="0.0">
    <ignored/>
  </testcase> <!-- testFour -->
  <testcase classname="rahulshettypractice.End2EndCart" name="testOne" time="0.0">
    <ignored/>
  </testcase> <!-- testOne -->
  <testcase classname="rahulshettypractice.End2EndCart" name="testThree" time="0.0">
    <ignored/>
  </testcase> <!-- testThree -->
</testsuite> <!-- Default test(failed)(failed)(failed)(failed) -->
